<?xml version="1.0" encoding="UTF-8"?>
<!-- Generated by org.testng.reporters.JUnitReportReporter -->
<testsuite hostname="LAPTOP-920KSPV8" failures="0" tests="1" name="mavenforjenkins.UITest" time="55.079" errors="0" timestamp="2023-12-05T21:42:59 IST" skipped="0">
  <testcase classname="mavenforjenkins.UITest" name="startBrowser" time="55.079"/>
</testsuite> <!-- mavenforjenkins.UITest -->
